{"uid":"3cb6caf806db2db6","name":"test_search_pen_on_google","fullName":"test_script#test_search_pen_on_google","historyId":"60e46931a103fbdedc5e89128f92705c","time":{"start":1767007032780,"stop":1767007053576,"duration":20796},"status":"broken","statusMessage":"selenium.common.exceptions.TimeoutException: Message: \nStacktrace:\n#0 0x55e41ad5d61a <unknown>\n#1 0x55e41a7da20b <unknown>\n#2 0x55e41a82b90f <unknown>\n#3 0x55e41a82bb51 <unknown>\n#4 0x55e41a879d84 <unknown>\n#5 0x55e41a87720e <unknown>\n#6 0x55e41a81e232 <unknown>\n#7 0x55e41a81eee1 <unknown>\n#8 0x55e41ad263f9 <unknown>\n#9 0x55e41ad2934d <unknown>\n#10 0x55e41ad0f122 <unknown>\n#11 0x55e41ad29f2b <unknown>\n#12 0x55e41acf5c30 <unknown>\n#13 0x55e41ad4ad78 <unknown>\n#14 0x55e41ad4af4c <unknown>\n#15 0x55e41ad5c973 <unknown>\n#16 0x7f4be6a9caa4 <unknown>\n#17 0x7f4be6b29c6c <unknown>","statusTrace":"driver = <selenium.webdriver.chrome.webdriver.WebDriver (session=\"f0073766c02b720761a7184aee2d0d4b\")>\nwait = <selenium.webdriver.support.wait.WebDriverWait (session=\"f0073766c02b720761a7184aee2d0d4b\")>\n\n    def test_search_pen_on_google(driver, wait):\n        driver.get(\"https://www.google.com\")\n        accept_google_consent_if_present(driver, wait)\n        search_box = wait.until(EC.presence_of_element_located((By.NAME, \"q\")))\n        search_box.clear()\n        search_box.send_keys(\"pen\")\n        search_box.send_keys(Keys.RETURN)\n>       wait.until(EC.presence_of_element_located((By.ID, \"search\")))\n\ntest_script.py:78: \n_ _ _ _ _ _ _ _ _ _ _ _ _ _ _ _ _ _ _ _ _ _ _ _ _ _ _ _ _ _ _ _ _ _ _ _ _ _ _ _ \n\nself = <selenium.webdriver.support.wait.WebDriverWait (session=\"f0073766c02b720761a7184aee2d0d4b\")>\nmethod = <function presence_of_element_located.<locals>._predicate at 0x7f9458052a70>\nmessage = ''\n\n    def until(self, method: Callable[[D], Literal[False] | T], message: str = \"\") -> T:\n        \"\"\"Wait until the method returns a value that is not False.\n    \n        Calls the method provided with the driver as an argument until the\n        return value does not evaluate to ``False``.\n    \n        Args:\n            method: A callable object that takes a WebDriver instance as an\n                argument.\n            message: Optional message for TimeoutException.\n    \n        Returns:\n            The result of the last call to `method`.\n    \n        Raises:\n            TimeoutException: If 'method' does not return a truthy value within\n                the WebDriverWait object's timeout.\n    \n        Example:\n            >>> from selenium.webdriver.common.by import By\n            >>> from selenium.webdriver.support.ui import WebDriverWait\n            >>> from selenium.webdriver.support import expected_conditions as EC\n            >>>\n            >>> # Wait until an element is visible on the page\n            >>> wait = WebDriverWait(driver, 10)\n            >>> element = wait.until(EC.visibility_of_element_located((By.ID, \"exampleId\")))\n            >>> print(element.text)\n        \"\"\"\n        screen = None\n        stacktrace = None\n    \n        end_time = time.monotonic() + self._timeout\n        while True:\n            try:\n                value = method(self._driver)\n                if value:\n                    return value\n            except self._ignored_exceptions as exc:\n                screen = getattr(exc, \"screen\", None)\n                stacktrace = getattr(exc, \"stacktrace\", None)\n            if time.monotonic() > end_time:\n                break\n            time.sleep(self._poll)\n>       raise TimeoutException(message, screen, stacktrace)\nE       selenium.common.exceptions.TimeoutException: Message: \nE       Stacktrace:\nE       #0 0x55e41ad5d61a <unknown>\nE       #1 0x55e41a7da20b <unknown>\nE       #2 0x55e41a82b90f <unknown>\nE       #3 0x55e41a82bb51 <unknown>\nE       #4 0x55e41a879d84 <unknown>\nE       #5 0x55e41a87720e <unknown>\nE       #6 0x55e41a81e232 <unknown>\nE       #7 0x55e41a81eee1 <unknown>\nE       #8 0x55e41ad263f9 <unknown>\nE       #9 0x55e41ad2934d <unknown>\nE       #10 0x55e41ad0f122 <unknown>\nE       #11 0x55e41ad29f2b <unknown>\nE       #12 0x55e41acf5c30 <unknown>\nE       #13 0x55e41ad4ad78 <unknown>\nE       #14 0x55e41ad4af4c <unknown>\nE       #15 0x55e41ad5c973 <unknown>\nE       #16 0x7f4be6a9caa4 <unknown>\nE       #17 0x7f4be6b29c6c <unknown>\n\n/opt/hostedtoolcache/Python/3.10.19/x64/lib/python3.10/site-packages/selenium/webdriver/support/wait.py:122: TimeoutException","flaky":false,"newFailed":false,"newBroken":false,"newPassed":false,"retriesCount":0,"retriesStatusChange":false,"beforeStages":[{"name":"driver","time":{"start":1767007032413,"stop":1767007032779,"duration":366},"status":"passed","steps":[],"attachments":[],"parameters":[],"shouldDisplayMessage":false,"stepsCount":0,"attachmentsCount":0,"hasContent":false,"attachmentStep":false},{"name":"wait","time":{"start":1767007032779,"stop":1767007032780,"duration":1},"status":"passed","steps":[],"attachments":[],"parameters":[],"shouldDisplayMessage":false,"stepsCount":0,"attachmentsCount":0,"hasContent":false,"attachmentStep":false}],"afterStages":[{"name":"driver::0","time":{"start":1767007053619,"stop":1767007053688,"duration":69},"status":"passed","steps":[],"attachments":[],"parameters":[],"shouldDisplayMessage":false,"stepsCount":0,"attachmentsCount":0,"hasContent":false,"attachmentStep":false}],"labels":[{"name":"suite","value":"test_script"},{"name":"host","value":"runnervmh13bl"},{"name":"thread","value":"2233-MainThread"},{"name":"framework","value":"pytest"},{"name":"language","value":"cpython3"},{"name":"package","value":"test_script"},{"name":"resultFormat","value":"allure2"}],"parameters":[],"links":[],"hidden":false,"retry":false,"extra":{"severity":"normal","retries":[],"categories":[{"name":"Test defects","matchedStatuses":[],"flaky":false}],"tags":[]},"source":"3cb6caf806db2db6.json","parameterValues":[]}