{"uid":"c234838dff2cfe59","name":"test_search_pen_on_google","fullName":"test_script#test_search_pen_on_google","historyId":"60e46931a103fbdedc5e89128f92705c","time":{"start":1767008179751,"stop":1767008200529,"duration":20778},"status":"broken","statusMessage":"selenium.common.exceptions.TimeoutException: Message: \nStacktrace:\n#0 0x5587ef6ae61a <unknown>\n#1 0x5587ef12b20b <unknown>\n#2 0x5587ef17c90f <unknown>\n#3 0x5587ef17cb51 <unknown>\n#4 0x5587ef1cad84 <unknown>\n#5 0x5587ef1c820e <unknown>\n#6 0x5587ef16f232 <unknown>\n#7 0x5587ef16fee1 <unknown>\n#8 0x5587ef6773f9 <unknown>\n#9 0x5587ef67a34d <unknown>\n#10 0x5587ef660122 <unknown>\n#11 0x5587ef67af2b <unknown>\n#12 0x5587ef646c30 <unknown>\n#13 0x5587ef69bd78 <unknown>\n#14 0x5587ef69bf4c <unknown>\n#15 0x5587ef6ad973 <unknown>\n#16 0x7f743a89caa4 <unknown>\n#17 0x7f743a929c6c <unknown>","statusTrace":"driver = <selenium.webdriver.chrome.webdriver.WebDriver (session=\"15ab33ec68fc80f037e93f1c96d7a279\")>\nwait = <selenium.webdriver.support.wait.WebDriverWait (session=\"15ab33ec68fc80f037e93f1c96d7a279\")>\n\n    def test_search_pen_on_google(driver, wait):\n        driver.get(\"https://www.google.com\")\n        accept_google_consent_if_present(driver, wait)\n        search_box = wait.until(EC.presence_of_element_located((By.NAME, \"q\")))\n        search_box.clear()\n        search_box.send_keys(\"pen\")\n        search_box.send_keys(Keys.RETURN)\n>       wait.until(EC.presence_of_element_located((By.ID, \"search\")))\n\ntest_script.py:78: \n_ _ _ _ _ _ _ _ _ _ _ _ _ _ _ _ _ _ _ _ _ _ _ _ _ _ _ _ _ _ _ _ _ _ _ _ _ _ _ _ \n\nself = <selenium.webdriver.support.wait.WebDriverWait (session=\"15ab33ec68fc80f037e93f1c96d7a279\")>\nmethod = <function presence_of_element_located.<locals>._predicate at 0x7f806c768310>\nmessage = ''\n\n    def until(self, method: Callable[[D], Literal[False] | T], message: str = \"\") -> T:\n        \"\"\"Wait until the method returns a value that is not False.\n    \n        Calls the method provided with the driver as an argument until the\n        return value does not evaluate to ``False``.\n    \n        Args:\n            method: A callable object that takes a WebDriver instance as an\n                argument.\n            message: Optional message for TimeoutException.\n    \n        Returns:\n            The result of the last call to `method`.\n    \n        Raises:\n            TimeoutException: If 'method' does not return a truthy value within\n                the WebDriverWait object's timeout.\n    \n        Example:\n            >>> from selenium.webdriver.common.by import By\n            >>> from selenium.webdriver.support.ui import WebDriverWait\n            >>> from selenium.webdriver.support import expected_conditions as EC\n            >>>\n            >>> # Wait until an element is visible on the page\n            >>> wait = WebDriverWait(driver, 10)\n            >>> element = wait.until(EC.visibility_of_element_located((By.ID, \"exampleId\")))\n            >>> print(element.text)\n        \"\"\"\n        screen = None\n        stacktrace = None\n    \n        end_time = time.monotonic() + self._timeout\n        while True:\n            try:\n                value = method(self._driver)\n                if value:\n                    return value\n            except self._ignored_exceptions as exc:\n                screen = getattr(exc, \"screen\", None)\n                stacktrace = getattr(exc, \"stacktrace\", None)\n            if time.monotonic() > end_time:\n                break\n            time.sleep(self._poll)\n>       raise TimeoutException(message, screen, stacktrace)\nE       selenium.common.exceptions.TimeoutException: Message: \nE       Stacktrace:\nE       #0 0x5587ef6ae61a <unknown>\nE       #1 0x5587ef12b20b <unknown>\nE       #2 0x5587ef17c90f <unknown>\nE       #3 0x5587ef17cb51 <unknown>\nE       #4 0x5587ef1cad84 <unknown>\nE       #5 0x5587ef1c820e <unknown>\nE       #6 0x5587ef16f232 <unknown>\nE       #7 0x5587ef16fee1 <unknown>\nE       #8 0x5587ef6773f9 <unknown>\nE       #9 0x5587ef67a34d <unknown>\nE       #10 0x5587ef660122 <unknown>\nE       #11 0x5587ef67af2b <unknown>\nE       #12 0x5587ef646c30 <unknown>\nE       #13 0x5587ef69bd78 <unknown>\nE       #14 0x5587ef69bf4c <unknown>\nE       #15 0x5587ef6ad973 <unknown>\nE       #16 0x7f743a89caa4 <unknown>\nE       #17 0x7f743a929c6c <unknown>\n\n/opt/hostedtoolcache/Python/3.10.19/x64/lib/python3.10/site-packages/selenium/webdriver/support/wait.py:122: TimeoutException","flaky":false,"newFailed":false,"newBroken":false,"newPassed":false,"retriesCount":0,"retriesStatusChange":false,"beforeStages":[{"name":"driver","time":{"start":1767008179453,"stop":1767008179751,"duration":298},"status":"passed","steps":[],"attachments":[],"parameters":[],"shouldDisplayMessage":false,"stepsCount":0,"attachmentsCount":0,"hasContent":false,"attachmentStep":false},{"name":"wait","time":{"start":1767008179751,"stop":1767008179751,"duration":0},"status":"passed","steps":[],"attachments":[],"parameters":[],"shouldDisplayMessage":false,"stepsCount":0,"attachmentsCount":0,"hasContent":false,"attachmentStep":false}],"afterStages":[{"name":"driver::0","time":{"start":1767008200534,"stop":1767008200594,"duration":60},"status":"passed","steps":[],"attachments":[],"parameters":[],"shouldDisplayMessage":false,"stepsCount":0,"attachmentsCount":0,"hasContent":false,"attachmentStep":false}],"labels":[{"name":"suite","value":"test_script"},{"name":"host","value":"runnervmh13bl"},{"name":"thread","value":"2243-MainThread"},{"name":"framework","value":"pytest"},{"name":"language","value":"cpython3"},{"name":"package","value":"test_script"},{"name":"resultFormat","value":"allure2"}],"parameters":[],"links":[],"hidden":false,"retry":false,"extra":{"severity":"normal","retries":[],"categories":[{"name":"Test defects","matchedStatuses":[],"flaky":false}],"tags":[]},"source":"c234838dff2cfe59.json","parameterValues":[]}