{"uid":"e643d480babcf601","name":"test_google_title_fail","fullName":"test_script#test_google_title_fail","historyId":"a3f1cf709a0dfd8e0c0af9d551087ac9","time":{"start":1767005563687,"stop":1767005564191,"duration":504},"status":"failed","statusMessage":"AssertionError: assert 'Bing' in 'Google'\n +  where 'Google' = <selenium.webdriver.chrome.webdriver.WebDriver (session=\"ba1665f7a2146d8aa68117d55dc7b988\")>.title","statusTrace":"driver = <selenium.webdriver.chrome.webdriver.WebDriver (session=\"ba1665f7a2146d8aa68117d55dc7b988\")>\n\n    @allure.feature(\"Basic Demo Tests\")\n    @allure.story(\"Intentional failure\")\n    def test_google_title_fail(driver):\n        driver.get(\"https://www.google.com\")\n    \n        attach_screenshot(driver, \"Before Assertion Failure\")\n    \n        # ❌ Intentional failure\n>       assert \"Bing\" in driver.title\nE       assert 'Bing' in 'Google'\nE        +  where 'Google' = <selenium.webdriver.chrome.webdriver.WebDriver (session=\"ba1665f7a2146d8aa68117d55dc7b988\")>.title\n\ntest_script.py:50: AssertionError","flaky":false,"newFailed":false,"newBroken":false,"newPassed":false,"retriesCount":0,"retriesStatusChange":false,"beforeStages":[{"name":"driver","time":{"start":1767005563293,"stop":1767005563686,"duration":393},"status":"passed","steps":[],"attachments":[],"parameters":[],"shouldDisplayMessage":false,"stepsCount":0,"attachmentsCount":0,"hasContent":false,"attachmentStep":false}],"testStage":{"status":"failed","statusMessage":"AssertionError: assert 'Bing' in 'Google'\n +  where 'Google' = <selenium.webdriver.chrome.webdriver.WebDriver (session=\"ba1665f7a2146d8aa68117d55dc7b988\")>.title","statusTrace":"driver = <selenium.webdriver.chrome.webdriver.WebDriver (session=\"ba1665f7a2146d8aa68117d55dc7b988\")>\n\n    @allure.feature(\"Basic Demo Tests\")\n    @allure.story(\"Intentional failure\")\n    def test_google_title_fail(driver):\n        driver.get(\"https://www.google.com\")\n    \n        attach_screenshot(driver, \"Before Assertion Failure\")\n    \n        # ❌ Intentional failure\n>       assert \"Bing\" in driver.title\nE       assert 'Bing' in 'Google'\nE        +  where 'Google' = <selenium.webdriver.chrome.webdriver.WebDriver (session=\"ba1665f7a2146d8aa68117d55dc7b988\")>.title\n\ntest_script.py:50: AssertionError","steps":[],"attachments":[{"uid":"47701b1659df49f5","name":"Before Assertion Failure","source":"47701b1659df49f5.png","type":"image/png","size":90774}],"parameters":[],"shouldDisplayMessage":true,"stepsCount":0,"attachmentsCount":1,"hasContent":true,"attachmentStep":false},"afterStages":[{"name":"driver::0","time":{"start":1767005564231,"stop":1767005564291,"duration":60},"status":"passed","steps":[],"attachments":[],"parameters":[],"shouldDisplayMessage":false,"stepsCount":0,"attachmentsCount":0,"hasContent":false,"attachmentStep":false}],"labels":[{"name":"story","value":"Intentional failure"},{"name":"feature","value":"Basic Demo Tests"},{"name":"suite","value":"test_script"},{"name":"host","value":"runnervmh13bl"},{"name":"thread","value":"2218-MainThread"},{"name":"framework","value":"pytest"},{"name":"language","value":"cpython3"},{"name":"package","value":"test_script"},{"name":"resultFormat","value":"allure2"}],"parameters":[],"links":[],"hidden":false,"retry":false,"extra":{"severity":"normal","retries":[],"categories":[{"name":"Product defects","matchedStatuses":[],"flaky":false}],"tags":[]},"source":"e643d480babcf601.json","parameterValues":[]}